<?xml version="1.0" encoding="UTF-8"?>
<testsuite xmlns:xsi="http://www.w3.org/2001/XMLSchema-instance" xsi:noNamespaceSchemaLocation="https://maven.apache.org/surefire/maven-surefire-plugin/xsd/surefire-test-report.xsd" name="br.com.logic.pendotiba.abastecimento.PendotibaAbastecimentoApplicationTests" time="12.06" tests="1" errors="0" skipped="0" failures="0">
  <properties>
    <property name="sun.desktop" value="windows"/>
    <property name="awt.toolkit" value="sun.awt.windows.WToolkit"/>
    <property name="file.encoding.pkg" value="sun.io"/>
    <property name="java.specification.version" value="1.8"/>
    <property name="sun.cpu.isalist" value="amd64"/>
    <property name="sun.jnu.encoding" value="Cp1252"/>
    <property name="java.class.path" value="C:\git_pendotiba_v2\pendotiba-abastecimento\target\test-classes;C:\git_pendotiba_v2\pendotiba-abastecimento\target\classes;C:\git_pendotiba_v2\pendotiba-core\target\pendotiba-core-1.0-SNAPSHOT.jar;C:\starcode\apache-maven-3.6.3\repositorio\org\springframework\boot\spring-boot-starter-web\2.2.5.RELEASE\spring-boot-starter-web-2.2.5.RELEASE.jar;C:\starcode\apache-maven-3.6.3\repositorio\org\springframework\boot\spring-boot-starter\2.2.5.RELEASE\spring-boot-starter-2.2.5.RELEASE.jar;C:\starcode\apache-maven-3.6.3\repositorio\org\springframework\boot\spring-boot\2.2.5.RELEASE\spring-boot-2.2.5.RELEASE.jar;C:\starcode\apache-maven-3.6.3\repositorio\org\springframework\boot\spring-boot-autoconfigure\2.2.5.RELEASE\spring-boot-autoconfigure-2.2.5.RELEASE.jar;C:\starcode\apache-maven-3.6.3\repositorio\org\springframework\boot\spring-boot-starter-logging\2.2.5.RELEASE\spring-boot-starter-logging-2.2.5.RELEASE.jar;C:\starcode\apache-maven-3.6.3\repositorio\ch\qos\logback\logback-classic\1.2.3\logback-classic-1.2.3.jar;C:\starcode\apache-maven-3.6.3\repositorio\ch\qos\logback\logback-core\1.2.3\logback-core-1.2.3.jar;C:\starcode\apache-maven-3.6.3\repositorio\org\apache\logging\log4j\log4j-to-slf4j\2.12.1\log4j-to-slf4j-2.12.1.jar;C:\starcode\apache-maven-3.6.3\repositorio\org\apache\logging\log4j\log4j-api\2.12.1\log4j-api-2.12.1.jar;C:\starcode\apache-maven-3.6.3\repositorio\org\slf4j\jul-to-slf4j\1.7.30\jul-to-slf4j-1.7.30.jar;C:\starcode\apache-maven-3.6.3\repositorio\jakarta\annotation\jakarta.annotation-api\1.3.5\jakarta.annotation-api-1.3.5.jar;C:\starcode\apache-maven-3.6.3\repositorio\org\yaml\snakeyaml\1.25\snakeyaml-1.25.jar;C:\starcode\apache-maven-3.6.3\repositorio\org\springframework\boot\spring-boot-starter-json\2.2.5.RELEASE\spring-boot-starter-json-2.2.5.RELEASE.jar;C:\starcode\apache-maven-3.6.3\repositorio\com\fasterxml\jackson\core\jackson-databind\2.10.2\jackson-databind-2.10.2.jar;C:\starcode\apache-maven-3.6.3\repositorio\com\fasterxml\jackson\core\jackson-annotations\2.10.2\jackson-annotations-2.10.2.jar;C:\starcode\apache-maven-3.6.3\repositorio\com\fasterxml\jackson\core\jackson-core\2.10.2\jackson-core-2.10.2.jar;C:\starcode\apache-maven-3.6.3\repositorio\com\fasterxml\jackson\datatype\jackson-datatype-jdk8\2.10.2\jackson-datatype-jdk8-2.10.2.jar;C:\starcode\apache-maven-3.6.3\repositorio\com\fasterxml\jackson\datatype\jackson-datatype-jsr310\2.10.2\jackson-datatype-jsr310-2.10.2.jar;C:\starcode\apache-maven-3.6.3\repositorio\com\fasterxml\jackson\module\jackson-module-parameter-names\2.10.2\jackson-module-parameter-names-2.10.2.jar;C:\starcode\apache-maven-3.6.3\repositorio\org\springframework\boot\spring-boot-starter-tomcat\2.2.5.RELEASE\spring-boot-starter-tomcat-2.2.5.RELEASE.jar;C:\starcode\apache-maven-3.6.3\repositorio\org\apache\tomcat\embed\tomcat-embed-core\9.0.31\tomcat-embed-core-9.0.31.jar;C:\starcode\apache-maven-3.6.3\repositorio\org\apache\tomcat\embed\tomcat-embed-el\9.0.31\tomcat-embed-el-9.0.31.jar;C:\starcode\apache-maven-3.6.3\repositorio\org\apache\tomcat\embed\tomcat-embed-websocket\9.0.31\tomcat-embed-websocket-9.0.31.jar;C:\starcode\apache-maven-3.6.3\repositorio\org\springframework\boot\spring-boot-starter-validation\2.2.5.RELEASE\spring-boot-starter-validation-2.2.5.RELEASE.jar;C:\starcode\apache-maven-3.6.3\repositorio\jakarta\validation\jakarta.validation-api\2.0.2\jakarta.validation-api-2.0.2.jar;C:\starcode\apache-maven-3.6.3\repositorio\org\hibernate\validator\hibernate-validator\6.0.18.Final\hibernate-validator-6.0.18.Final.jar;C:\starcode\apache-maven-3.6.3\repositorio\org\springframework\spring-web\5.2.4.RELEASE\spring-web-5.2.4.RELEASE.jar;C:\starcode\apache-maven-3.6.3\repositorio\org\springframework\spring-beans\5.2.4.RELEASE\spring-beans-5.2.4.RELEASE.jar;C:\starcode\apache-maven-3.6.3\repositorio\org\springframework\spring-webmvc\5.2.4.RELEASE\spring-webmvc-5.2.4.RELEASE.jar;C:\starcode\apache-maven-3.6.3\repositorio\org\springframework\spring-aop\5.2.4.RELEASE\spring-aop-5.2.4.RELEASE.jar;C:\starcode\apache-maven-3.6.3\repositorio\org\springframework\spring-context\5.2.4.RELEASE\spring-context-5.2.4.RELEASE.jar;C:\starcode\apache-maven-3.6.3\repositorio\org\springframework\spring-expression\5.2.4.RELEASE\spring-expression-5.2.4.RELEASE.jar;C:\starcode\apache-maven-3.6.3\repositorio\org\springframework\boot\spring-boot-starter-data-jpa\2.2.5.RELEASE\spring-boot-starter-data-jpa-2.2.5.RELEASE.jar;C:\starcode\apache-maven-3.6.3\repositorio\org\springframework\boot\spring-boot-starter-aop\2.2.5.RELEASE\spring-boot-starter-aop-2.2.5.RELEASE.jar;C:\starcode\apache-maven-3.6.3\repositorio\org\aspectj\aspectjweaver\1.9.5\aspectjweaver-1.9.5.jar;C:\starcode\apache-maven-3.6.3\repositorio\org\springframework\boot\spring-boot-starter-jdbc\2.2.5.RELEASE\spring-boot-starter-jdbc-2.2.5.RELEASE.jar;C:\starcode\apache-maven-3.6.3\repositorio\com\zaxxer\HikariCP\3.4.2\HikariCP-3.4.2.jar;C:\starcode\apache-maven-3.6.3\repositorio\org\springframework\spring-jdbc\5.2.4.RELEASE\spring-jdbc-5.2.4.RELEASE.jar;C:\starcode\apache-maven-3.6.3\repositorio\jakarta\activation\jakarta.activation-api\1.2.2\jakarta.activation-api-1.2.2.jar;C:\starcode\apache-maven-3.6.3\repositorio\jakarta\persistence\jakarta.persistence-api\2.2.3\jakarta.persistence-api-2.2.3.jar;C:\starcode\apache-maven-3.6.3\repositorio\jakarta\transaction\jakarta.transaction-api\1.3.3\jakarta.transaction-api-1.3.3.jar;C:\starcode\apache-maven-3.6.3\repositorio\org\hibernate\hibernate-core\5.4.12.Final\hibernate-core-5.4.12.Final.jar;C:\starcode\apache-maven-3.6.3\repositorio\org\jboss\logging\jboss-logging\3.4.1.Final\jboss-logging-3.4.1.Final.jar;C:\starcode\apache-maven-3.6.3\repositorio\org\javassist\javassist\3.24.0-GA\javassist-3.24.0-GA.jar;C:\starcode\apache-maven-3.6.3\repositorio\net\bytebuddy\byte-buddy\1.10.8\byte-buddy-1.10.8.jar;C:\starcode\apache-maven-3.6.3\repositorio\antlr\antlr\2.7.7\antlr-2.7.7.jar;C:\starcode\apache-maven-3.6.3\repositorio\org\jboss\jandex\2.1.1.Final\jandex-2.1.1.Final.jar;C:\starcode\apache-maven-3.6.3\repositorio\com\fasterxml\classmate\1.5.1\classmate-1.5.1.jar;C:\starcode\apache-maven-3.6.3\repositorio\org\dom4j\dom4j\2.1.1\dom4j-2.1.1.jar;C:\starcode\apache-maven-3.6.3\repositorio\org\hibernate\common\hibernate-commons-annotations\5.1.0.Final\hibernate-commons-annotations-5.1.0.Final.jar;C:\starcode\apache-maven-3.6.3\repositorio\org\glassfish\jaxb\jaxb-runtime\2.3.2\jaxb-runtime-2.3.2.jar;C:\starcode\apache-maven-3.6.3\repositorio\org\glassfish\jaxb\txw2\2.3.2\txw2-2.3.2.jar;C:\starcode\apache-maven-3.6.3\repositorio\com\sun\istack\istack-commons-runtime\3.0.8\istack-commons-runtime-3.0.8.jar;C:\starcode\apache-maven-3.6.3\repositorio\org\jvnet\staxex\stax-ex\1.8.1\stax-ex-1.8.1.jar;C:\starcode\apache-maven-3.6.3\repositorio\com\sun\xml\fastinfoset\FastInfoset\1.2.16\FastInfoset-1.2.16.jar;C:\starcode\apache-maven-3.6.3\repositorio\org\springframework\data\spring-data-jpa\2.2.5.RELEASE\spring-data-jpa-2.2.5.RELEASE.jar;C:\starcode\apache-maven-3.6.3\repositorio\org\springframework\data\spring-data-commons\2.2.5.RELEASE\spring-data-commons-2.2.5.RELEASE.jar;C:\starcode\apache-maven-3.6.3\repositorio\org\springframework\spring-orm\5.2.4.RELEASE\spring-orm-5.2.4.RELEASE.jar;C:\starcode\apache-maven-3.6.3\repositorio\org\springframework\spring-tx\5.2.4.RELEASE\spring-tx-5.2.4.RELEASE.jar;C:\starcode\apache-maven-3.6.3\repositorio\org\slf4j\slf4j-api\1.7.30\slf4j-api-1.7.30.jar;C:\starcode\apache-maven-3.6.3\repositorio\org\springframework\spring-aspects\5.2.4.RELEASE\spring-aspects-5.2.4.RELEASE.jar;C:\starcode\apache-maven-3.6.3\repositorio\org\springframework\security\spring-security-crypto\5.2.2.RELEASE\spring-security-crypto-5.2.2.RELEASE.jar;C:\starcode\apache-maven-3.6.3\repositorio\com\microsoft\sqlserver\mssql-jdbc\7.4.1.jre8\mssql-jdbc-7.4.1.jre8.jar;C:\starcode\apache-maven-3.6.3\repositorio\org\springframework\boot\spring-boot-configuration-processor\2.2.5.RELEASE\spring-boot-configuration-processor-2.2.5.RELEASE.jar;C:\starcode\apache-maven-3.6.3\repositorio\org\projectlombok\lombok\1.18.12\lombok-1.18.12.jar;C:\starcode\apache-maven-3.6.3\repositorio\org\springframework\boot\spring-boot-starter-test\2.2.5.RELEASE\spring-boot-starter-test-2.2.5.RELEASE.jar;C:\starcode\apache-maven-3.6.3\repositorio\org\springframework\boot\spring-boot-test\2.2.5.RELEASE\spring-boot-test-2.2.5.RELEASE.jar;C:\starcode\apache-maven-3.6.3\repositorio\org\springframework\boot\spring-boot-test-autoconfigure\2.2.5.RELEASE\spring-boot-test-autoconfigure-2.2.5.RELEASE.jar;C:\starcode\apache-maven-3.6.3\repositorio\com\jayway\jsonpath\json-path\2.4.0\json-path-2.4.0.jar;C:\starcode\apache-maven-3.6.3\repositorio\net\minidev\json-smart\2.3\json-smart-2.3.jar;C:\starcode\apache-maven-3.6.3\repositorio\net\minidev\accessors-smart\1.2\accessors-smart-1.2.jar;C:\starcode\apache-maven-3.6.3\repositorio\org\ow2\asm\asm\5.0.4\asm-5.0.4.jar;C:\starcode\apache-maven-3.6.3\repositorio\jakarta\xml\bind\jakarta.xml.bind-api\2.3.2\jakarta.xml.bind-api-2.3.2.jar;C:\starcode\apache-maven-3.6.3\repositorio\org\junit\jupiter\junit-jupiter\5.5.2\junit-jupiter-5.5.2.jar;C:\starcode\apache-maven-3.6.3\repositorio\org\junit\jupiter\junit-jupiter-api\5.5.2\junit-jupiter-api-5.5.2.jar;C:\starcode\apache-maven-3.6.3\repositorio\org\opentest4j\opentest4j\1.2.0\opentest4j-1.2.0.jar;C:\starcode\apache-maven-3.6.3\repositorio\org\junit\platform\junit-platform-commons\1.5.2\junit-platform-commons-1.5.2.jar;C:\starcode\apache-maven-3.6.3\repositorio\org\junit\jupiter\junit-jupiter-params\5.5.2\junit-jupiter-params-5.5.2.jar;C:\starcode\apache-maven-3.6.3\repositorio\org\junit\jupiter\junit-jupiter-engine\5.5.2\junit-jupiter-engine-5.5.2.jar;C:\starcode\apache-maven-3.6.3\repositorio\org\junit\vintage\junit-vintage-engine\5.5.2\junit-vintage-engine-5.5.2.jar;C:\starcode\apache-maven-3.6.3\repositorio\org\apiguardian\apiguardian-api\1.1.0\apiguardian-api-1.1.0.jar;C:\starcode\apache-maven-3.6.3\repositorio\org\junit\platform\junit-platform-engine\1.5.2\junit-platform-engine-1.5.2.jar;C:\starcode\apache-maven-3.6.3\repositorio\junit\junit\4.12\junit-4.12.jar;C:\starcode\apache-maven-3.6.3\repositorio\org\mockito\mockito-junit-jupiter\3.1.0\mockito-junit-jupiter-3.1.0.jar;C:\starcode\apache-maven-3.6.3\repositorio\org\assertj\assertj-core\3.13.2\assertj-core-3.13.2.jar;C:\starcode\apache-maven-3.6.3\repositorio\org\hamcrest\hamcrest\2.1\hamcrest-2.1.jar;C:\starcode\apache-maven-3.6.3\repositorio\org\mockito\mockito-core\3.1.0\mockito-core-3.1.0.jar;C:\starcode\apache-maven-3.6.3\repositorio\net\bytebuddy\byte-buddy-agent\1.10.8\byte-buddy-agent-1.10.8.jar;C:\starcode\apache-maven-3.6.3\repositorio\org\objenesis\objenesis\2.6\objenesis-2.6.jar;C:\starcode\apache-maven-3.6.3\repositorio\org\skyscreamer\jsonassert\1.5.0\jsonassert-1.5.0.jar;C:\starcode\apache-maven-3.6.3\repositorio\com\vaadin\external\google\android-json\0.0.20131108.vaadin1\android-json-0.0.20131108.vaadin1.jar;C:\starcode\apache-maven-3.6.3\repositorio\org\springframework\spring-core\5.2.4.RELEASE\spring-core-5.2.4.RELEASE.jar;C:\starcode\apache-maven-3.6.3\repositorio\org\springframework\spring-jcl\5.2.4.RELEASE\spring-jcl-5.2.4.RELEASE.jar;C:\starcode\apache-maven-3.6.3\repositorio\org\springframework\spring-test\5.2.4.RELEASE\spring-test-5.2.4.RELEASE.jar;C:\starcode\apache-maven-3.6.3\repositorio\org\xmlunit\xmlunit-core\2.6.3\xmlunit-core-2.6.3.jar;C:\starcode\apache-maven-3.6.3\repositorio\org\springframework\cloud\spring-cloud-starter-openfeign\2.2.2.RELEASE\spring-cloud-starter-openfeign-2.2.2.RELEASE.jar;C:\starcode\apache-maven-3.6.3\repositorio\org\springframework\cloud\spring-cloud-starter\2.2.2.RELEASE\spring-cloud-starter-2.2.2.RELEASE.jar;C:\starcode\apache-maven-3.6.3\repositorio\org\springframework\cloud\spring-cloud-context\2.2.2.RELEASE\spring-cloud-context-2.2.2.RELEASE.jar;C:\starcode\apache-maven-3.6.3\repositorio\org\springframework\security\spring-security-rsa\1.0.9.RELEASE\spring-security-rsa-1.0.9.RELEASE.jar;C:\starcode\apache-maven-3.6.3\repositorio\org\bouncycastle\bcpkix-jdk15on\1.64\bcpkix-jdk15on-1.64.jar;C:\starcode\apache-maven-3.6.3\repositorio\org\bouncycastle\bcprov-jdk15on\1.64\bcprov-jdk15on-1.64.jar;C:\starcode\apache-maven-3.6.3\repositorio\org\springframework\cloud\spring-cloud-openfeign-core\2.2.2.RELEASE\spring-cloud-openfeign-core-2.2.2.RELEASE.jar;C:\starcode\apache-maven-3.6.3\repositorio\org\springframework\cloud\spring-cloud-netflix-ribbon\2.2.2.RELEASE\spring-cloud-netflix-ribbon-2.2.2.RELEASE.jar;C:\starcode\apache-maven-3.6.3\repositorio\org\springframework\cloud\spring-cloud-netflix-archaius\2.2.2.RELEASE\spring-cloud-netflix-archaius-2.2.2.RELEASE.jar;C:\starcode\apache-maven-3.6.3\repositorio\io\github\openfeign\form\feign-form-spring\3.8.0\feign-form-spring-3.8.0.jar;C:\starcode\apache-maven-3.6.3\repositorio\io\github\openfeign\form\feign-form\3.8.0\feign-form-3.8.0.jar;C:\starcode\apache-maven-3.6.3\repositorio\commons-fileupload\commons-fileupload\1.4\commons-fileupload-1.4.jar;C:\starcode\apache-maven-3.6.3\repositorio\commons-io\commons-io\2.2\commons-io-2.2.jar;C:\starcode\apache-maven-3.6.3\repositorio\org\springframework\cloud\spring-cloud-commons\2.2.2.RELEASE\spring-cloud-commons-2.2.2.RELEASE.jar;C:\starcode\apache-maven-3.6.3\repositorio\io\github\openfeign\feign-core\10.7.4\feign-core-10.7.4.jar;C:\starcode\apache-maven-3.6.3\repositorio\io\github\openfeign\feign-slf4j\10.7.4\feign-slf4j-10.7.4.jar;C:\starcode\apache-maven-3.6.3\repositorio\io\github\openfeign\feign-hystrix\10.7.4\feign-hystrix-10.7.4.jar;C:\starcode\apache-maven-3.6.3\repositorio\com\netflix\archaius\archaius-core\0.7.6\archaius-core-0.7.6.jar;C:\starcode\apache-maven-3.6.3\repositorio\com\google\code\findbugs\jsr305\3.0.1\jsr305-3.0.1.jar;C:\starcode\apache-maven-3.6.3\repositorio\commons-configuration\commons-configuration\1.8\commons-configuration-1.8.jar;C:\starcode\apache-maven-3.6.3\repositorio\commons-lang\commons-lang\2.6\commons-lang-2.6.jar;C:\starcode\apache-maven-3.6.3\repositorio\com\google\guava\guava\16.0\guava-16.0.jar;C:\starcode\apache-maven-3.6.3\repositorio\com\netflix\hystrix\hystrix-core\1.5.18\hystrix-core-1.5.18.jar;C:\starcode\apache-maven-3.6.3\repositorio\io\reactivex\rxjava\1.3.8\rxjava-1.3.8.jar;C:\starcode\apache-maven-3.6.3\repositorio\org\hdrhistogram\HdrHistogram\2.1.9\HdrHistogram-2.1.9.jar;C:\starcode\apache-maven-3.6.3\repositorio\commons-beanutils\commons-beanutils\1.9.4\commons-beanutils-1.9.4.jar;C:\starcode\apache-maven-3.6.3\repositorio\commons-logging\commons-logging\1.2\commons-logging-1.2.jar;C:\starcode\apache-maven-3.6.3\repositorio\commons-collections\commons-collections\3.2.2\commons-collections-3.2.2.jar;"/>
    <property name="java.vm.vendor" value="Oracle Corporation"/>
    <property name="sun.arch.data.model" value="64"/>
    <property name="user.variant" value=""/>
    <property name="java.vendor.url" value="http://java.oracle.com/"/>
    <property name="user.timezone" value="America/Sao_Paulo"/>
    <property name="java.vm.specification.version" value="1.8"/>
    <property name="os.name" value="Windows 10"/>
    <property name="user.country" value="BR"/>
    <property name="sun.java.launcher" value="SUN_STANDARD"/>
    <property name="sun.boot.library.path" value="C:\Program Files\Java\jdk1.8.0_241\jre\bin"/>
    <property name="sun.java.command" value="C:\Users\rafae\AppData\Local\Temp\surefire3491808055143240344\surefirebooter5162560063602056182.jar C:\Users\rafae\AppData\Local\Temp\surefire3491808055143240344 2020-03-15T17-45-57_311-jvmRun1 surefire2222862090198044909tmp surefire_1450551855435889122tmp"/>
    <property name="surefire.test.class.path" value="C:\git_pendotiba_v2\pendotiba-abastecimento\target\test-classes;C:\git_pendotiba_v2\pendotiba-abastecimento\target\classes;C:\git_pendotiba_v2\pendotiba-core\target\pendotiba-core-1.0-SNAPSHOT.jar;C:\starcode\apache-maven-3.6.3\repositorio\org\springframework\boot\spring-boot-starter-web\2.2.5.RELEASE\spring-boot-starter-web-2.2.5.RELEASE.jar;C:\starcode\apache-maven-3.6.3\repositorio\org\springframework\boot\spring-boot-starter\2.2.5.RELEASE\spring-boot-starter-2.2.5.RELEASE.jar;C:\starcode\apache-maven-3.6.3\repositorio\org\springframework\boot\spring-boot\2.2.5.RELEASE\spring-boot-2.2.5.RELEASE.jar;C:\starcode\apache-maven-3.6.3\repositorio\org\springframework\boot\spring-boot-autoconfigure\2.2.5.RELEASE\spring-boot-autoconfigure-2.2.5.RELEASE.jar;C:\starcode\apache-maven-3.6.3\repositorio\org\springframework\boot\spring-boot-starter-logging\2.2.5.RELEASE\spring-boot-starter-logging-2.2.5.RELEASE.jar;C:\starcode\apache-maven-3.6.3\repositorio\ch\qos\logback\logback-classic\1.2.3\logback-classic-1.2.3.jar;C:\starcode\apache-maven-3.6.3\repositorio\ch\qos\logback\logback-core\1.2.3\logback-core-1.2.3.jar;C:\starcode\apache-maven-3.6.3\repositorio\org\apache\logging\log4j\log4j-to-slf4j\2.12.1\log4j-to-slf4j-2.12.1.jar;C:\starcode\apache-maven-3.6.3\repositorio\org\apache\logging\log4j\log4j-api\2.12.1\log4j-api-2.12.1.jar;C:\starcode\apache-maven-3.6.3\repositorio\org\slf4j\jul-to-slf4j\1.7.30\jul-to-slf4j-1.7.30.jar;C:\starcode\apache-maven-3.6.3\repositorio\jakarta\annotation\jakarta.annotation-api\1.3.5\jakarta.annotation-api-1.3.5.jar;C:\starcode\apache-maven-3.6.3\repositorio\org\yaml\snakeyaml\1.25\snakeyaml-1.25.jar;C:\starcode\apache-maven-3.6.3\repositorio\org\springframework\boot\spring-boot-starter-json\2.2.5.RELEASE\spring-boot-starter-json-2.2.5.RELEASE.jar;C:\starcode\apache-maven-3.6.3\repositorio\com\fasterxml\jackson\core\jackson-databind\2.10.2\jackson-databind-2.10.2.jar;C:\starcode\apache-maven-3.6.3\repositorio\com\fasterxml\jackson\core\jackson-annotations\2.10.2\jackson-annotations-2.10.2.jar;C:\starcode\apache-maven-3.6.3\repositorio\com\fasterxml\jackson\core\jackson-core\2.10.2\jackson-core-2.10.2.jar;C:\starcode\apache-maven-3.6.3\repositorio\com\fasterxml\jackson\datatype\jackson-datatype-jdk8\2.10.2\jackson-datatype-jdk8-2.10.2.jar;C:\starcode\apache-maven-3.6.3\repositorio\com\fasterxml\jackson\datatype\jackson-datatype-jsr310\2.10.2\jackson-datatype-jsr310-2.10.2.jar;C:\starcode\apache-maven-3.6.3\repositorio\com\fasterxml\jackson\module\jackson-module-parameter-names\2.10.2\jackson-module-parameter-names-2.10.2.jar;C:\starcode\apache-maven-3.6.3\repositorio\org\springframework\boot\spring-boot-starter-tomcat\2.2.5.RELEASE\spring-boot-starter-tomcat-2.2.5.RELEASE.jar;C:\starcode\apache-maven-3.6.3\repositorio\org\apache\tomcat\embed\tomcat-embed-core\9.0.31\tomcat-embed-core-9.0.31.jar;C:\starcode\apache-maven-3.6.3\repositorio\org\apache\tomcat\embed\tomcat-embed-el\9.0.31\tomcat-embed-el-9.0.31.jar;C:\starcode\apache-maven-3.6.3\repositorio\org\apache\tomcat\embed\tomcat-embed-websocket\9.0.31\tomcat-embed-websocket-9.0.31.jar;C:\starcode\apache-maven-3.6.3\repositorio\org\springframework\boot\spring-boot-starter-validation\2.2.5.RELEASE\spring-boot-starter-validation-2.2.5.RELEASE.jar;C:\starcode\apache-maven-3.6.3\repositorio\jakarta\validation\jakarta.validation-api\2.0.2\jakarta.validation-api-2.0.2.jar;C:\starcode\apache-maven-3.6.3\repositorio\org\hibernate\validator\hibernate-validator\6.0.18.Final\hibernate-validator-6.0.18.Final.jar;C:\starcode\apache-maven-3.6.3\repositorio\org\springframework\spring-web\5.2.4.RELEASE\spring-web-5.2.4.RELEASE.jar;C:\starcode\apache-maven-3.6.3\repositorio\org\springframework\spring-beans\5.2.4.RELEASE\spring-beans-5.2.4.RELEASE.jar;C:\starcode\apache-maven-3.6.3\repositorio\org\springframework\spring-webmvc\5.2.4.RELEASE\spring-webmvc-5.2.4.RELEASE.jar;C:\starcode\apache-maven-3.6.3\repositorio\org\springframework\spring-aop\5.2.4.RELEASE\spring-aop-5.2.4.RELEASE.jar;C:\starcode\apache-maven-3.6.3\repositorio\org\springframework\spring-context\5.2.4.RELEASE\spring-context-5.2.4.RELEASE.jar;C:\starcode\apache-maven-3.6.3\repositorio\org\springframework\spring-expression\5.2.4.RELEASE\spring-expression-5.2.4.RELEASE.jar;C:\starcode\apache-maven-3.6.3\repositorio\org\springframework\boot\spring-boot-starter-data-jpa\2.2.5.RELEASE\spring-boot-starter-data-jpa-2.2.5.RELEASE.jar;C:\starcode\apache-maven-3.6.3\repositorio\org\springframework\boot\spring-boot-starter-aop\2.2.5.RELEASE\spring-boot-starter-aop-2.2.5.RELEASE.jar;C:\starcode\apache-maven-3.6.3\repositorio\org\aspectj\aspectjweaver\1.9.5\aspectjweaver-1.9.5.jar;C:\starcode\apache-maven-3.6.3\repositorio\org\springframework\boot\spring-boot-starter-jdbc\2.2.5.RELEASE\spring-boot-starter-jdbc-2.2.5.RELEASE.jar;C:\starcode\apache-maven-3.6.3\repositorio\com\zaxxer\HikariCP\3.4.2\HikariCP-3.4.2.jar;C:\starcode\apache-maven-3.6.3\repositorio\org\springframework\spring-jdbc\5.2.4.RELEASE\spring-jdbc-5.2.4.RELEASE.jar;C:\starcode\apache-maven-3.6.3\repositorio\jakarta\activation\jakarta.activation-api\1.2.2\jakarta.activation-api-1.2.2.jar;C:\starcode\apache-maven-3.6.3\repositorio\jakarta\persistence\jakarta.persistence-api\2.2.3\jakarta.persistence-api-2.2.3.jar;C:\starcode\apache-maven-3.6.3\repositorio\jakarta\transaction\jakarta.transaction-api\1.3.3\jakarta.transaction-api-1.3.3.jar;C:\starcode\apache-maven-3.6.3\repositorio\org\hibernate\hibernate-core\5.4.12.Final\hibernate-core-5.4.12.Final.jar;C:\starcode\apache-maven-3.6.3\repositorio\org\jboss\logging\jboss-logging\3.4.1.Final\jboss-logging-3.4.1.Final.jar;C:\starcode\apache-maven-3.6.3\repositorio\org\javassist\javassist\3.24.0-GA\javassist-3.24.0-GA.jar;C:\starcode\apache-maven-3.6.3\repositorio\net\bytebuddy\byte-buddy\1.10.8\byte-buddy-1.10.8.jar;C:\starcode\apache-maven-3.6.3\repositorio\antlr\antlr\2.7.7\antlr-2.7.7.jar;C:\starcode\apache-maven-3.6.3\repositorio\org\jboss\jandex\2.1.1.Final\jandex-2.1.1.Final.jar;C:\starcode\apache-maven-3.6.3\repositorio\com\fasterxml\classmate\1.5.1\classmate-1.5.1.jar;C:\starcode\apache-maven-3.6.3\repositorio\org\dom4j\dom4j\2.1.1\dom4j-2.1.1.jar;C:\starcode\apache-maven-3.6.3\repositorio\org\hibernate\common\hibernate-commons-annotations\5.1.0.Final\hibernate-commons-annotations-5.1.0.Final.jar;C:\starcode\apache-maven-3.6.3\repositorio\org\glassfish\jaxb\jaxb-runtime\2.3.2\jaxb-runtime-2.3.2.jar;C:\starcode\apache-maven-3.6.3\repositorio\org\glassfish\jaxb\txw2\2.3.2\txw2-2.3.2.jar;C:\starcode\apache-maven-3.6.3\repositorio\com\sun\istack\istack-commons-runtime\3.0.8\istack-commons-runtime-3.0.8.jar;C:\starcode\apache-maven-3.6.3\repositorio\org\jvnet\staxex\stax-ex\1.8.1\stax-ex-1.8.1.jar;C:\starcode\apache-maven-3.6.3\repositorio\com\sun\xml\fastinfoset\FastInfoset\1.2.16\FastInfoset-1.2.16.jar;C:\starcode\apache-maven-3.6.3\repositorio\org\springframework\data\spring-data-jpa\2.2.5.RELEASE\spring-data-jpa-2.2.5.RELEASE.jar;C:\starcode\apache-maven-3.6.3\repositorio\org\springframework\data\spring-data-commons\2.2.5.RELEASE\spring-data-commons-2.2.5.RELEASE.jar;C:\starcode\apache-maven-3.6.3\repositorio\org\springframework\spring-orm\5.2.4.RELEASE\spring-orm-5.2.4.RELEASE.jar;C:\starcode\apache-maven-3.6.3\repositorio\org\springframework\spring-tx\5.2.4.RELEASE\spring-tx-5.2.4.RELEASE.jar;C:\starcode\apache-maven-3.6.3\repositorio\org\slf4j\slf4j-api\1.7.30\slf4j-api-1.7.30.jar;C:\starcode\apache-maven-3.6.3\repositorio\org\springframework\spring-aspects\5.2.4.RELEASE\spring-aspects-5.2.4.RELEASE.jar;C:\starcode\apache-maven-3.6.3\repositorio\org\springframework\security\spring-security-crypto\5.2.2.RELEASE\spring-security-crypto-5.2.2.RELEASE.jar;C:\starcode\apache-maven-3.6.3\repositorio\com\microsoft\sqlserver\mssql-jdbc\7.4.1.jre8\mssql-jdbc-7.4.1.jre8.jar;C:\starcode\apache-maven-3.6.3\repositorio\org\springframework\boot\spring-boot-configuration-processor\2.2.5.RELEASE\spring-boot-configuration-processor-2.2.5.RELEASE.jar;C:\starcode\apache-maven-3.6.3\repositorio\org\projectlombok\lombok\1.18.12\lombok-1.18.12.jar;C:\starcode\apache-maven-3.6.3\repositorio\org\springframework\boot\spring-boot-starter-test\2.2.5.RELEASE\spring-boot-starter-test-2.2.5.RELEASE.jar;C:\starcode\apache-maven-3.6.3\repositorio\org\springframework\boot\spring-boot-test\2.2.5.RELEASE\spring-boot-test-2.2.5.RELEASE.jar;C:\starcode\apache-maven-3.6.3\repositorio\org\springframework\boot\spring-boot-test-autoconfigure\2.2.5.RELEASE\spring-boot-test-autoconfigure-2.2.5.RELEASE.jar;C:\starcode\apache-maven-3.6.3\repositorio\com\jayway\jsonpath\json-path\2.4.0\json-path-2.4.0.jar;C:\starcode\apache-maven-3.6.3\repositorio\net\minidev\json-smart\2.3\json-smart-2.3.jar;C:\starcode\apache-maven-3.6.3\repositorio\net\minidev\accessors-smart\1.2\accessors-smart-1.2.jar;C:\starcode\apache-maven-3.6.3\repositorio\org\ow2\asm\asm\5.0.4\asm-5.0.4.jar;C:\starcode\apache-maven-3.6.3\repositorio\jakarta\xml\bind\jakarta.xml.bind-api\2.3.2\jakarta.xml.bind-api-2.3.2.jar;C:\starcode\apache-maven-3.6.3\repositorio\org\junit\jupiter\junit-jupiter\5.5.2\junit-jupiter-5.5.2.jar;C:\starcode\apache-maven-3.6.3\repositorio\org\junit\jupiter\junit-jupiter-api\5.5.2\junit-jupiter-api-5.5.2.jar;C:\starcode\apache-maven-3.6.3\repositorio\org\opentest4j\opentest4j\1.2.0\opentest4j-1.2.0.jar;C:\starcode\apache-maven-3.6.3\repositorio\org\junit\platform\junit-platform-commons\1.5.2\junit-platform-commons-1.5.2.jar;C:\starcode\apache-maven-3.6.3\repositorio\org\junit\jupiter\junit-jupiter-params\5.5.2\junit-jupiter-params-5.5.2.jar;C:\starcode\apache-maven-3.6.3\repositorio\org\junit\jupiter\junit-jupiter-engine\5.5.2\junit-jupiter-engine-5.5.2.jar;C:\starcode\apache-maven-3.6.3\repositorio\org\junit\vintage\junit-vintage-engine\5.5.2\junit-vintage-engine-5.5.2.jar;C:\starcode\apache-maven-3.6.3\repositorio\org\apiguardian\apiguardian-api\1.1.0\apiguardian-api-1.1.0.jar;C:\starcode\apache-maven-3.6.3\repositorio\org\junit\platform\junit-platform-engine\1.5.2\junit-platform-engine-1.5.2.jar;C:\starcode\apache-maven-3.6.3\repositorio\junit\junit\4.12\junit-4.12.jar;C:\starcode\apache-maven-3.6.3\repositorio\org\mockito\mockito-junit-jupiter\3.1.0\mockito-junit-jupiter-3.1.0.jar;C:\starcode\apache-maven-3.6.3\repositorio\org\assertj\assertj-core\3.13.2\assertj-core-3.13.2.jar;C:\starcode\apache-maven-3.6.3\repositorio\org\hamcrest\hamcrest\2.1\hamcrest-2.1.jar;C:\starcode\apache-maven-3.6.3\repositorio\org\mockito\mockito-core\3.1.0\mockito-core-3.1.0.jar;C:\starcode\apache-maven-3.6.3\repositorio\net\bytebuddy\byte-buddy-agent\1.10.8\byte-buddy-agent-1.10.8.jar;C:\starcode\apache-maven-3.6.3\repositorio\org\objenesis\objenesis\2.6\objenesis-2.6.jar;C:\starcode\apache-maven-3.6.3\repositorio\org\skyscreamer\jsonassert\1.5.0\jsonassert-1.5.0.jar;C:\starcode\apache-maven-3.6.3\repositorio\com\vaadin\external\google\android-json\0.0.20131108.vaadin1\android-json-0.0.20131108.vaadin1.jar;C:\starcode\apache-maven-3.6.3\repositorio\org\springframework\spring-core\5.2.4.RELEASE\spring-core-5.2.4.RELEASE.jar;C:\starcode\apache-maven-3.6.3\repositorio\org\springframework\spring-jcl\5.2.4.RELEASE\spring-jcl-5.2.4.RELEASE.jar;C:\starcode\apache-maven-3.6.3\repositorio\org\springframework\spring-test\5.2.4.RELEASE\spring-test-5.2.4.RELEASE.jar;C:\starcode\apache-maven-3.6.3\repositorio\org\xmlunit\xmlunit-core\2.6.3\xmlunit-core-2.6.3.jar;C:\starcode\apache-maven-3.6.3\repositorio\org\springframework\cloud\spring-cloud-starter-openfeign\2.2.2.RELEASE\spring-cloud-starter-openfeign-2.2.2.RELEASE.jar;C:\starcode\apache-maven-3.6.3\repositorio\org\springframework\cloud\spring-cloud-starter\2.2.2.RELEASE\spring-cloud-starter-2.2.2.RELEASE.jar;C:\starcode\apache-maven-3.6.3\repositorio\org\springframework\cloud\spring-cloud-context\2.2.2.RELEASE\spring-cloud-context-2.2.2.RELEASE.jar;C:\starcode\apache-maven-3.6.3\repositorio\org\springframework\security\spring-security-rsa\1.0.9.RELEASE\spring-security-rsa-1.0.9.RELEASE.jar;C:\starcode\apache-maven-3.6.3\repositorio\org\bouncycastle\bcpkix-jdk15on\1.64\bcpkix-jdk15on-1.64.jar;C:\starcode\apache-maven-3.6.3\repositorio\org\bouncycastle\bcprov-jdk15on\1.64\bcprov-jdk15on-1.64.jar;C:\starcode\apache-maven-3.6.3\repositorio\org\springframework\cloud\spring-cloud-openfeign-core\2.2.2.RELEASE\spring-cloud-openfeign-core-2.2.2.RELEASE.jar;C:\starcode\apache-maven-3.6.3\repositorio\org\springframework\cloud\spring-cloud-netflix-ribbon\2.2.2.RELEASE\spring-cloud-netflix-ribbon-2.2.2.RELEASE.jar;C:\starcode\apache-maven-3.6.3\repositorio\org\springframework\cloud\spring-cloud-netflix-archaius\2.2.2.RELEASE\spring-cloud-netflix-archaius-2.2.2.RELEASE.jar;C:\starcode\apache-maven-3.6.3\repositorio\io\github\openfeign\form\feign-form-spring\3.8.0\feign-form-spring-3.8.0.jar;C:\starcode\apache-maven-3.6.3\repositorio\io\github\openfeign\form\feign-form\3.8.0\feign-form-3.8.0.jar;C:\starcode\apache-maven-3.6.3\repositorio\commons-fileupload\commons-fileupload\1.4\commons-fileupload-1.4.jar;C:\starcode\apache-maven-3.6.3\repositorio\commons-io\commons-io\2.2\commons-io-2.2.jar;C:\starcode\apache-maven-3.6.3\repositorio\org\springframework\cloud\spring-cloud-commons\2.2.2.RELEASE\spring-cloud-commons-2.2.2.RELEASE.jar;C:\starcode\apache-maven-3.6.3\repositorio\io\github\openfeign\feign-core\10.7.4\feign-core-10.7.4.jar;C:\starcode\apache-maven-3.6.3\repositorio\io\github\openfeign\feign-slf4j\10.7.4\feign-slf4j-10.7.4.jar;C:\starcode\apache-maven-3.6.3\repositorio\io\github\openfeign\feign-hystrix\10.7.4\feign-hystrix-10.7.4.jar;C:\starcode\apache-maven-3.6.3\repositorio\com\netflix\archaius\archaius-core\0.7.6\archaius-core-0.7.6.jar;C:\starcode\apache-maven-3.6.3\repositorio\com\google\code\findbugs\jsr305\3.0.1\jsr305-3.0.1.jar;C:\starcode\apache-maven-3.6.3\repositorio\commons-configuration\commons-configuration\1.8\commons-configuration-1.8.jar;C:\starcode\apache-maven-3.6.3\repositorio\commons-lang\commons-lang\2.6\commons-lang-2.6.jar;C:\starcode\apache-maven-3.6.3\repositorio\com\google\guava\guava\16.0\guava-16.0.jar;C:\starcode\apache-maven-3.6.3\repositorio\com\netflix\hystrix\hystrix-core\1.5.18\hystrix-core-1.5.18.jar;C:\starcode\apache-maven-3.6.3\repositorio\io\reactivex\rxjava\1.3.8\rxjava-1.3.8.jar;C:\starcode\apache-maven-3.6.3\repositorio\org\hdrhistogram\HdrHistogram\2.1.9\HdrHistogram-2.1.9.jar;C:\starcode\apache-maven-3.6.3\repositorio\commons-beanutils\commons-beanutils\1.9.4\commons-beanutils-1.9.4.jar;C:\starcode\apache-maven-3.6.3\repositorio\commons-logging\commons-logging\1.2\commons-logging-1.2.jar;C:\starcode\apache-maven-3.6.3\repositorio\commons-collections\commons-collections\3.2.2\commons-collections-3.2.2.jar;"/>
    <property name="sun.cpu.endian" value="little"/>
    <property name="user.home" value="C:\Users\rafae"/>
    <property name="user.language" value="pt"/>
    <property name="java.specification.vendor" value="Oracle Corporation"/>
    <property name="java.home" value="C:\Program Files\Java\jdk1.8.0_241\jre"/>
    <property name="basedir" value="C:\git_pendotiba_v2\pendotiba-abastecimento"/>
    <property name="file.separator" value="\"/>
    <property name="line.separator" value="&#10;"/>
    <property name="java.vm.specification.vendor" value="Oracle Corporation"/>
    <property name="java.specification.name" value="Java Platform API Specification"/>
    <property name="java.awt.graphicsenv" value="sun.awt.Win32GraphicsEnvironment"/>
    <property name="surefire.real.class.path" value="C:\Users\rafae\AppData\Local\Temp\surefire3491808055143240344\surefirebooter5162560063602056182.jar"/>
    <property name="sun.boot.class.path" value="C:\Program Files\Java\jdk1.8.0_241\jre\lib\resources.jar;C:\Program Files\Java\jdk1.8.0_241\jre\lib\rt.jar;C:\Program Files\Java\jdk1.8.0_241\jre\lib\sunrsasign.jar;C:\Program Files\Java\jdk1.8.0_241\jre\lib\jsse.jar;C:\Program Files\Java\jdk1.8.0_241\jre\lib\jce.jar;C:\Program Files\Java\jdk1.8.0_241\jre\lib\charsets.jar;C:\Program Files\Java\jdk1.8.0_241\jre\lib\jfr.jar;C:\Program Files\Java\jdk1.8.0_241\jre\classes"/>
    <property name="user.script" value=""/>
    <property name="sun.management.compiler" value="HotSpot 64-Bit Tiered Compilers"/>
    <property name="java.runtime.version" value="1.8.0_241-b07"/>
    <property name="user.name" value="rafae"/>
    <property name="path.separator" value=";"/>
    <property name="os.version" value="10.0"/>
    <property name="java.endorsed.dirs" value="C:\Program Files\Java\jdk1.8.0_241\jre\lib\endorsed"/>
    <property name="java.runtime.name" value="Java(TM) SE Runtime Environment"/>
    <property name="file.encoding" value="Cp1252"/>
    <property name="java.vm.name" value="Java HotSpot(TM) 64-Bit Server VM"/>
    <property name="localRepository" value="C:\starcode\apache-maven-3.6.3\repositorio"/>
    <property name="java.vendor.url.bug" value="http://bugreport.sun.com/bugreport/"/>
    <property name="java.io.tmpdir" value="C:\Users\rafae\AppData\Local\Temp\"/>
    <property name="java.version" value="1.8.0_241"/>
    <property name="user.dir" value="C:\git_pendotiba_v2\pendotiba-abastecimento"/>
    <property name="os.arch" value="amd64"/>
    <property name="java.vm.specification.name" value="Java Virtual Machine Specification"/>
    <property name="java.awt.printerjob" value="sun.awt.windows.WPrinterJob"/>
    <property name="sun.os.patch.level" value=""/>
    <property name="java.library.path" value="C:\Program Files\Java\jdk1.8.0_241\jre\bin;C:\Windows\Sun\Java\bin;C:\Windows\system32;C:\Windows;C:\Program Files (x86)\Common Files\Oracle\Java\javapath;C:\Windows\system32;C:\Windows;C:\Windows\System32\Wbem;C:\Windows\System32\WindowsPowerShell\v1.0\;C:\Windows\System32\OpenSSH\;C:\Program Files\Java\jdk1.8.0_241\bin;C:\starcode\apache-maven-3.6.3\bin;C:\Program Files\TortoiseSVN\bin;C:\Program Files\NVIDIA Corporation\NVIDIA NvDLISR;C:\Program Files (x86)\NVIDIA Corporation\PhysX\Common;C:\Program Files (x86)\Microsoft SQL Server\100\Tools\Binn\;C:\Program Files\Microsoft SQL Server\100\Tools\Binn\;C:\Program Files\Microsoft SQL Server\100\DTS\Binn\;C:\Program Files (x86)\Microsoft SQL Server\100\Tools\Binn\VSShell\Common7\IDE\;C:\Program Files (x86)\Microsoft SQL Server\100\DTS\Binn\;C:\Program Files\Git\cmd;C:\Program Files\MySQL\MySQL Shell 8.0\bin\;C:\Users\rafae\AppData\Local\Microsoft\WindowsApps;;C:\Users\rafae\AppData\Local\Programs\Microsoft VS Code\bin;."/>
    <property name="java.vm.info" value="mixed mode"/>
    <property name="java.vendor" value="Oracle Corporation"/>
    <property name="java.vm.version" value="25.241-b07"/>
    <property name="java.ext.dirs" value="C:\Program Files\Java\jdk1.8.0_241\jre\lib\ext;C:\Windows\Sun\Java\lib\ext"/>
    <property name="sun.io.unicode.encoding" value="UnicodeLittle"/>
    <property name="java.class.version" value="52.0"/>
  </properties>
  <testcase name="contextLoads" classname="br.com.logic.pendotiba.abastecimento.PendotibaAbastecimentoApplicationTests" time="0.085"/>
</testsuite>